[7.688s] Invoking command in '/home/pi/wali_pi5/c3ws/build/wali': PYTHONPATH=/home/pi/wali_pi5/c3ws/build/wali/prefix_override:/home/pi/wali_pi5/c3ws/install/wali/lib/python3.10/site-packages:${PYTHONPATH} /usr/bin/python3 setup.py develop --editable --build-directory /home/pi/wali_pi5/c3ws/build/wali/build --no-deps install_data
[7.965s] running develop
[7.967s] /usr/lib/python3/dist-packages/setuptools/command/easy_install.py:158: EasyInstallDeprecationWarning: easy_install command is deprecated. Use build and pip and other standards-based tools.
[7.967s]   warnings.warn(
[7.969s] /usr/lib/python3/dist-packages/setuptools/command/install.py:34: SetuptoolsDeprecationWarning: setup.py install is deprecated. Use build and pip and other standards-based tools.
[7.969s]   warnings.warn(
[8.110s] running egg_info
[8.110s] creating wali.egg-info
[8.110s] writing wali.egg-info/PKG-INFO
[8.111s] writing dependency_links to wali.egg-info/dependency_links.txt
[8.111s] writing entry points to wali.egg-info/entry_points.txt
[8.111s] writing requirements to wali.egg-info/requires.txt
[8.111s] writing top-level names to wali.egg-info/top_level.txt
[8.111s] writing manifest file 'wali.egg-info/SOURCES.txt'
[8.114s] reading manifest file 'wali.egg-info/SOURCES.txt'
[8.115s] writing manifest file 'wali.egg-info/SOURCES.txt'
[8.117s] running build_ext
[8.117s] Creating /home/pi/wali_pi5/c3ws/install/wali/lib/python3.10/site-packages/wali.egg-link (link to .)
[8.118s] Installing battery_sub script to /home/pi/wali_pi5/c3ws/install/wali/lib/wali
[8.118s] Installing sub_ir script to /home/pi/wali_pi5/c3ws/install/wali/lib/wali
[8.118s] Installing vel_pwr_test script to /home/pi/wali_pi5/c3ws/install/wali/lib/wali
[8.118s] Installing wali_node script to /home/pi/wali_pi5/c3ws/install/wali/lib/wali
[8.119s] 
[8.119s] Installed /home/pi/wali_pi5/c3ws/build/wali
[8.119s] running install_data
[8.119s] creating /home/pi/wali_pi5/c3ws/install/wali/share/ament_index
[8.119s] creating /home/pi/wali_pi5/c3ws/install/wali/share/ament_index/resource_index
[8.119s] creating /home/pi/wali_pi5/c3ws/install/wali/share/ament_index/resource_index/packages
[8.119s] copying resource/wali -> /home/pi/wali_pi5/c3ws/install/wali/share/ament_index/resource_index/packages
[8.119s] copying package.xml -> /home/pi/wali_pi5/c3ws/install/wali/share/wali
[8.119s] copying wali/create3_ir_dist.py -> /home/pi/wali_pi5/c3ws/install/wali/lib/wali
[8.187s] Invoked command in '/home/pi/wali_pi5/c3ws/build/wali' returned '0': PYTHONPATH=/home/pi/wali_pi5/c3ws/build/wali/prefix_override:/home/pi/wali_pi5/c3ws/install/wali/lib/python3.10/site-packages:${PYTHONPATH} /usr/bin/python3 setup.py develop --editable --build-directory /home/pi/wali_pi5/c3ws/build/wali/build --no-deps install_data
