2024-01-08 23:57|[say_node.py.say_cb]request.saystring
2024-01-08 23:57|[say_node.py.say_cb]request.saystring
2024-01-08 23:59|My Name Is Wali
2024-01-09 00:10|My Name Is Wali
2024-01-09 00:11|My Name Is Wali
2024-01-09 01:01|hello
2024-01-09 01:05|hello
2024-01-09 01:10|hello
2024-01-09 01:20|hello
2024-01-09 01:21|hello
2024-01-09 01:21|hello
2024-01-09 01:23|hello
2024-01-09 01:25|hello, my name is wali
2024-01-09 01:26|hello, my name is wali
2024-01-09 01:27|hello, my name is wali
2024-01-09 01:28|hello, my name is wali
2024-01-09 01:29|hello, my name is wali
2024-01-09 01:30|hello, my name is wali
2024-01-09 01:31|hello, my name is wali
2024-01-09 01:31|hello, my name is wali
2024-01-09 01:32|hello, my name is wali
2024-01-09 01:33|hello, my name is wali
2024-01-09 01:55|hello, my name is wali
2024-01-09 09:38|hello, my name is wali
2024-01-09 09:44|hello, my name is wali
2024-01-09 09:49|hello, my name is wali - spoken: True
2024-01-09 10:20|hello - spoken: True
2024-02-16 01:39|hello - spoken: True
